<?xml version="1.0" encoding="UTF-8"?>
<!-- Generated by org.testng.reporters.JUnitReportReporter -->
<testsuite hostname="IBM273-PC0DZ9L5" failures="0" tests="2" name="com.training.sanity.tests.RETC_078" time="81.476" errors="0" timestamp="11 Jul 2019 13:40:09 GMT" skipped="0">
  <testcase classname="com.training.sanity.tests.RETC_078" name="userCreation" time="39.040"/>
  <testcase classname="com.training.sanity.tests.RETC_078" name="userCreation" time="42.436"/>
</testsuite> <!-- com.training.sanity.tests.RETC_078 -->
