<?xml version="1.0" encoding="UTF-8"?>
<!-- Generated by org.testng.reporters.JUnitReportReporter -->
<testsuite hostname="IBM273-PC0DZ9L5" failures="0" tests="3" name="com.training.regression.tests.LoginExcelTest" time="125.691" errors="0" timestamp="10 Jul 2019 14:38:05 GMT" skipped="0">
  <testcase classname="com.training.regression.tests.LoginExcelTest" name="loginDBTest" time="77.215"/>
  <testcase classname="com.training.regression.tests.LoginExcelTest" name="loginDBTest" time="28.862"/>
  <testcase classname="com.training.regression.tests.LoginExcelTest" name="loginDBTest" time="19.614"/>
</testsuite> <!-- com.training.regression.tests.LoginExcelTest -->
