<?xml version="1.0" encoding="UTF-8"?>
<!-- Generated by org.testng.reporters.JUnitReportReporter -->
<testsuite hostname="IBM273-PC0DZ9L5" failures="0" tests="1" name="com.training.sanity.tests.RETC_079" time="40.352" errors="0" timestamp="12 Jul 2019 14:07:39 GMT" skipped="0">
  <testcase classname="com.training.sanity.tests.RETC_079" name="userCreation" time="40.352"/>
</testsuite> <!-- com.training.sanity.tests.RETC_079 -->
