<?xml version="1.0" encoding="UTF-8"?>
<!-- Generated by org.testng.reporters.JUnitReportReporter -->
<testsuite hostname="IBM273-PC0DZ9L5" failures="0" tests="1" name="com.training.sanity.tests.RETC_048" time="62.928" errors="0" timestamp="03 Jul 2019 15:47:04 GMT" skipped="0">
  <testcase classname="com.training.sanity.tests.RETC_048" name="properties" time="62.928"/>
</testsuite> <!-- com.training.sanity.tests.RETC_048 -->
