<?xml version="1.0" encoding="UTF-8"?>
<!-- Generated by org.testng.reporters.JUnitReportReporter -->
<testsuite hostname="IBM273-PC0DZ9L5" failures="0" tests="1" name="com.training.sanity.tests.RETC_016" time="35.101" errors="0" timestamp="27 Jun 2019 09:36:05 GMT" skipped="0">
  <testcase classname="com.training.sanity.tests.RETC_016" name="categories" time="35.101"/>
</testsuite> <!-- com.training.sanity.tests.RETC_016 -->
