<?xml version="1.0" encoding="UTF-8"?>
<!-- Generated by org.testng.reporters.JUnitReportReporter -->
<testsuite hostname="IBM273-PC0DZ9L5" failures="0" tests="1" name="com.training.sanity.tests.RETC_046" time="38.240" errors="0" timestamp="02 Jul 2019 12:11:19 GMT" skipped="0">
  <testcase classname="com.training.sanity.tests.RETC_046" name="properties" time="38.240"/>
</testsuite> <!-- com.training.sanity.tests.RETC_046 -->
